<?xml version="1.0" encoding="UTF-8"?>
<!-- Generated by org.testng.reporters.JUnitReportReporter -->
<testsuite skipped="0" hostname="DESKTOP-PU29T00" name="com.page.TestCases.TC01HomePageTest" tests="1" failures="0" timestamp="18 Dec 2020 07:28:15 GMT" time="26.427" errors="0">
  <testcase name="hometest" time="26.427" classname="com.page.TestCases.TC01HomePageTest"/>
</testsuite> <!-- com.page.TestCases.TC01HomePageTest -->
