<?xml version="1.0" encoding="UTF-8"?>
<!-- Generated by org.testng.reporters.JUnitReportReporter -->
<testsuite skipped="0" hostname="DESKTOP-PU29T00" name="com.page.TestCases.TC02TodaysdealsTest" tests="1" failures="0" timestamp="17 May 2021 11:39:54 GMT" time="18.229" errors="0">
  <testcase name="Todaysdelastest" time="18.229" classname="com.page.TestCases.TC02TodaysdealsTest"/>
</testsuite> <!-- com.page.TestCases.TC02TodaysdealsTest -->
