<?xml version="1.0" encoding="UTF-8"?>
<!-- Generated by org.testng.reporters.JUnitReportReporter -->
<testsuite skipped="0" hostname="DESKTOP-PU29T00" name="com.page.TestCases.HomePageTest" tests="1" failures="0" timestamp="18 Dec 2020 06:05:22 GMT" time="29.020" errors="0">
  <testcase name="hometest" time="29.020" classname="com.page.TestCases.HomePageTest"/>
</testsuite> <!-- com.page.TestCases.HomePageTest -->
