<?xml version="1.0" encoding="UTF-8"?>
<!-- Generated by org.testng.reporters.JUnitReportReporter -->
<testsuite skipped="1" hostname="DESKTOP-PU29T00" name="com.page.TestCases.TC01HomePageTest" tests="1" failures="0" timestamp="12 Apr 2021 06:53:40 GMT" time="0.000" errors="0">
  <testcase name="hometest" time="0.000" classname="com.page.TestCases.TC01HomePageTest">
    <skipped/>
  </testcase> <!-- hometest -->
</testsuite> <!-- com.page.TestCases.TC01HomePageTest -->
